C51 COMPILER V9.60.0.0   TRAFFIC_CFG                                                       04/14/2022 16:34:58 PAGE 1   


C51 COMPILER V9.60.0.0, COMPILATION OF MODULE TRAFFIC_CFG
OBJECT MODULE PLACED IN .\Objects\traffic_cfg.obj
COMPILER INVOKED BY: C:\Keil_v5\C51\BIN\C51.EXE src\traffic_cfg.c OPTIMIZE(8,SPEED) BROWSE INCDIR(.\include) DEBUG OBJEC
                    -TEXTEND PRINT(.\Listings\traffic_cfg.lst) OBJECT(.\Objects\traffic_cfg.obj)

line level    source

   1          /***************************************************************************
   2           * @file    traffic_cfg.c
   3           * @author  Mahmoud Karam (ma.karam272@gmail.com)
   4           * @brief   Configurations of Traffic Light System.
   5           * @version 1.0.0
   6           * @date    2022-03-22
   7           * @copyright Copyright (c) 2022
   8           ***************************************************************************/
   9          #include "STD_TYPES.h"
  10          #include "Main.h"
  11          #include "traffic.h"
  12          #include "traffic_cfg.h"
  13          
  14          
  15          /*-------------------------------------------------------------------------*/
  16          /*                YOU CAN CHANGE THE FOLLOWING PARAMETERS                                  */
  17          /*-------------------------------------------------------------------------*/
  18          /***************************************************************************
  19           * @brief   Traffic Light System pins connections.
  20           ***************************************************************************/
  21          
  22          TRAFFIC_CONFIGS_t TRAFFIC_Configs = {
  23              TRAFFIC_DURATION_RED,
  24              TRAFFIC_DURATION_AMBER,
  25              TRAFFIC_DURATION_GREEN,
  26              TRAFFIC_DURATION_RED_AMBER,
  27          };


MODULE INFORMATION:   STATIC OVERLAYABLE
   CODE SIZE        =   ----    ----
   CONSTANT SIZE    =   ----    ----
   XDATA SIZE       =   ----    ----
   PDATA SIZE       =   ----    ----
   DATA SIZE        =      4    ----
   IDATA SIZE       =   ----    ----
   BIT SIZE         =   ----    ----
END OF MODULE INFORMATION.


C51 COMPILATION COMPLETE.  0 WARNING(S),  0 ERROR(S)
